0 info it worked if it ends with ok
1 verbose cli [ '/Users/dgomez/.nvm/v0.12.9/bin/node',
1 verbose cli   '/Users/dgomez/.nvm/v0.12.9/bin/npm',
1 verbose cli   'run',
1 verbose cli   'lint' ]
2 info using npm@2.14.9
3 info using node@v0.12.9
4 verbose run-script [ 'prelint', 'lint', 'postlint' ]
5 info prelint mendel@0.0.1
6 info lint mendel@0.0.1
7 verbose unsafe-perm in lifecycle true
8 info mendel@0.0.1 Failed to exec lint script
9 verbose stack Error: mendel@0.0.1 lint: `eslint .`
9 verbose stack Exit status 1
9 verbose stack     at EventEmitter.<anonymous> (/Users/dgomez/.nvm/v0.12.9/lib/node_modules/npm/lib/utils/lifecycle.js:214:16)
9 verbose stack     at EventEmitter.emit (events.js:110:17)
9 verbose stack     at ChildProcess.<anonymous> (/Users/dgomez/.nvm/v0.12.9/lib/node_modules/npm/lib/utils/spawn.js:24:14)
9 verbose stack     at ChildProcess.emit (events.js:110:17)
9 verbose stack     at maybeClose (child_process.js:1016:16)
9 verbose stack     at Process.ChildProcess._handle.onexit (child_process.js:1088:5)
10 verbose pkgid mendel@0.0.1
11 verbose cwd /Users/dgomez/dev/node/experiments/browserify/mendel
12 error Darwin 14.0.0
13 error argv "/Users/dgomez/.nvm/v0.12.9/bin/node" "/Users/dgomez/.nvm/v0.12.9/bin/npm" "run" "lint"
14 error node v0.12.9
15 error npm  v2.14.9
16 error code ELIFECYCLE
17 error mendel@0.0.1 lint: `eslint .`
17 error Exit status 1
18 error Failed at the mendel@0.0.1 lint script 'eslint .'.
18 error This is most likely a problem with the mendel package,
18 error not with npm itself.
18 error Tell the author that this fails on your system:
18 error     eslint .
18 error You can get their info via:
18 error     npm owner ls mendel
18 error There is likely additional logging output above.
19 verbose exit [ 1, true ]
